<?xml version="1.0" encoding="UTF-8"?>
<!-- Generated by org.testng.reporters.JUnitReportReporter -->
<testsuite hostname="DESKTOP-EQ55Q8H" failures="0" tests="1" name="KitepomUsingTestNG.ValidateKiteAppUsername" time="11.215" errors="0" timestamp="2022-07-05T14:35:56 IST" skipped="0">
  <testcase classname="KitepomUsingTestNG.ValidateKiteAppUsername" name="validateUserd" time="11.215"/>
  <system-out>
    <![CDATA[validateb user name
tc pass]]>
  </system-out>
</testsuite> <!-- KitepomUsingTestNG.ValidateKiteAppUsername -->
