<?xml version="1.0" encoding="UTF-8"?>
<!-- Generated by org.testng.reporters.JUnitReportReporter -->
<testsuite hostname="DESKTOP-EQ55Q8H" failures="0" tests="2" name="testNg.NewTest" time="13.177" errors="0" timestamp="2022-06-24T17:48:07 IST" skipped="0">
  <testcase classname="testNg.NewTest" name="mymehod" time="4.381"/>
  <system-out/>
  <testcase classname="testNg.NewTest" name="my1" time="8.796"/>
  <system-out/>
</testsuite> <!-- testNg.NewTest -->
