<?xml version="1.0" encoding="UTF-8"?>
<!-- Generated by org.testng.reporters.JUnitReportReporter -->
<testsuite hostname="DESKTOP-EQ55Q8H" failures="0" tests="1" name="TestNg1.groupsmethod" time="0.003" errors="0" timestamp="2022-06-24T17:12:24 IST" skipped="0">
  <testcase classname="TestNg1.groupsmethod" name="d" time="0.003"/>
  <system-out>
    <![CDATA[i am d from sanity]]>
  </system-out>
</testsuite> <!-- TestNg1.groupsmethod -->
