<?xml version="1.0" encoding="UTF-8"?>
<!-- Generated by org.testng.reporters.JUnitReportReporter -->
<testsuite hostname="DESKTOP-EQ55Q8H" failures="0" tests="1" name="TestNg1.Annotation" time="0.014" errors="0" timestamp="2022-06-24T17:29:31 IST" skipped="0">
  <testcase classname="TestNg1.Annotation" name="a" time="0.014"/>
  <system-out>
    <![CDATA[hi i f]]>
  </system-out>
</testsuite> <!-- TestNg1.Annotation -->
