<?xml version="1.0" encoding="UTF-8"?>
<!-- Generated by org.testng.reporters.JUnitReportReporter -->
<testsuite hostname="DESKTOP-EQ55Q8H" failures="0" tests="1" name="TestNg1.zeroda" time="9.511" errors="0" timestamp="2022-06-23T14:40:07 IST" skipped="0">
  <testcase classname="TestNg1.zeroda" name="f" time="9.511"/>
  <system-out/>
</testsuite> <!-- TestNg1.zeroda -->
