<?xml version="1.0" encoding="UTF-8"?>
<!-- Generated by org.testng.reporters.JUnitReportReporter -->
<testsuite hostname="DESKTOP-EQ55Q8H" failures="0" tests="2" name="CrossBrowserTesting.BrowsersTestNg" time="86.108" errors="0" timestamp="2022-07-01T08:07:47 IST" skipped="0">
  <testcase classname="CrossBrowserTesting.BrowsersTestNg" name="myMethod" time="65.721"/>
  <system-out/>
  <testcase classname="CrossBrowserTesting.BrowsersTestNg" name="myMethod" time="20.387"/>
  <system-out/>
</testsuite> <!-- CrossBrowserTesting.BrowsersTestNg -->
