<?xml version="1.0" encoding="UTF-8"?>
<!-- Generated by org.testng.reporters.JUnitReportReporter -->
<testsuite hostname="DESKTOP-EQ55Q8H" failures="0" tests="1" name="testNg.NewTest1" time="7.631" errors="0" timestamp="2022-06-24T17:48:07 IST" skipped="0">
  <testcase classname="testNg.NewTest1" name="kite" time="7.631"/>
  <system-out/>
</testsuite> <!-- testNg.NewTest1 -->
