<?xml version="1.0" encoding="UTF-8"?>
<!-- Generated by org.testng.reporters.JUnitReportReporter -->
<testsuite hostname="DESKTOP-EQ55Q8H" failures="0" tests="4" name="testNg.NewTest2" time="22.080" errors="0" timestamp="2022-06-22T16:56:51 IST" skipped="0">
  <testcase classname="testNg.NewTest2" name="f" time="4.637"/>
  <system-out/>
  <testcase classname="testNg.NewTest2" name="f2" time="11.446"/>
  <system-out/>
  <testcase classname="testNg.NewTest2" name="f" time="2.705"/>
  <system-out/>
  <testcase classname="testNg.NewTest2" name="f" time="3.292"/>
  <system-out/>
</testsuite> <!-- testNg.NewTest2 -->
